The following modules were not unloaded:
  (Use "module --force purge" to unload all):

  1) CCconfig        6)  ucx/1.14.1         11) flexiblas/3.3.1
  2) gentoo/2023     7)  libfabric/1.18.0   12) aocl-blas/5.1
  3) gcccore/.12.3   8)  pmix/4.2.4         13) aocl-lapack/5.1
  4) gcc/12.3        9)  ucc/1.2.0          14) StdEnv/2023
  5) hwloc/2.9.1     10) openmpi/4.1.5
N E X T F L O W  ~  version 25.10.2
Launching `./main.nf` [chaotic_northcutt] DSL2 - revision: fbcd534ac1
[ae/eb91a1] Cached process > PREPROCESS_ANNOTATION (annotation)
[5e/a895f9] Cached process > BUILD_MINIMAP2_INDEX (reference)
[d6/832bb3] Cached process > PYCOQC (Batch1)
[42/63fa2f] Submitted process > FASTCAT (sample27)
[7e/2b51fb] Submitted process > FASTCAT (sample20)
[75/ced54f] Submitted process > FASTCAT (sample89)
[ca/050b2b] Submitted process > FASTCAT (sample102)
[69/ac08d9] Submitted process > FASTCAT (sample74)
[49/342b9f] Submitted process > FASTCAT (sample110)
[59/9b409e] Submitted process > MINIMAP2_ALIGN (sample110)
[e4/d82a0e] Submitted process > MINIMAP2_ALIGN (sample74)
[0a/2ded01] Submitted process > SAMTOOLS_SORT (sample110)
[02/d5a51d] Submitted process > SAMTOOLS_SORT (sample74)
[7d/15e9c5] Submitted process > SAMTOOLS_INDEX (sample110)
[44/d339ad] Submitted process > STRINGTIE_ASSEMBLY (sample110)
[f9/0901f8] Submitted process > MINIMAP2_ALIGN (sample20)
[c3/e2ebb6] Submitted process > MINIMAP2_ALIGN (sample102)
[d1/86b16b] Submitted process > MINIMAP2_ALIGN (sample89)
[92/bd8fa1] Submitted process > SAMTOOLS_SORT (sample102)
[62/99198e] Submitted process > SAMTOOLS_SORT (sample89)
[26/ddecb1] Submitted process > SAMTOOLS_SORT (sample20)
[77/5aa3a4] Submitted process > SAMTOOLS_INDEX (sample89)
[69/36921f] Submitted process > STRINGTIE_ASSEMBLY (sample89)
[19/80aee5] Submitted process > SAMTOOLS_INDEX (sample102)
[db/a8bc06] Submitted process > STRINGTIE_ASSEMBLY (sample102)
[fb/518016] Submitted process > SAMTOOLS_INDEX (sample20)
[68/1d7496] Submitted process > STRINGTIE_ASSEMBLY (sample20)
[a5/22cc86] Submitted process > SAMTOOLS_INDEX (sample74)
[52/1b624a] Submitted process > STRINGTIE_ASSEMBLY (sample74)
[0d/a83b5e] Submitted process > MINIMAP2_ALIGN (sample27)
[2e/e53cd1] Submitted process > SAMTOOLS_SORT (sample27)
[2a/489ebd] Submitted process > SAMTOOLS_INDEX (sample27)
[ca/0e315b] Submitted process > STRINGTIE_ASSEMBLY (sample27)
[ce/3c7910] Submitted process > STRINGTIE_MERGE (all_samples)
[b8/b0bb43] Submitted process > BUILD_TRANSCRIPTOME_INDEX (transcriptome)
[3b/43b2a7] Submitted process > MAP_TRANSCRIPTOME (sample74)
[f0/8427fc] Submitted process > MAP_TRANSCRIPTOME (sample20)
[a7/6395f4] Submitted process > MAP_TRANSCRIPTOME (sample110)
[87/b9dceb] Submitted process > MAP_TRANSCRIPTOME (sample89)
[32/d0dd79] Submitted process > MAP_TRANSCRIPTOME (sample102)
[a5/66c66e] Submitted process > MAP_TRANSCRIPTOME (sample27)
[41/6ac778] Submitted process > SALMON_QUANT (sample74)
[c8/70c1ab] Submitted process > SALMON_QUANT (sample102)
[24/85882d] Submitted process > SALMON_QUANT (sample27)
[22/b2ce30] Submitted process > SALMON_QUANT (sample20)
[60/f08c57] Submitted process > SALMON_QUANT (sample110)
[eb/526e02] Submitted process > SALMON_QUANT (sample89)
[c3/a5a0a0] Submitted process > MERGE_TRANSCRIPT_COUNTS (all_samples)
[55/4bc967] Submitted process > DIFFERENTIAL_EXPRESSION (all_samples)
[04/00b312] Submitted process > ANNOTATE_AND_SUM_COUNTS (all_samples)
ERROR ~ Error executing process > 'DIFFERENTIAL_EXPRESSION (all_samples)'

Caused by:
  Process `DIFFERENTIAL_EXPRESSION (all_samples)` terminated with an error exit status (1)


Command executed:

  Rscript de_analysis.R         --annotation merged_transcriptome.gtf         --min_samps_gene_expr 1         --min_samps_feature_expr 1         --min_gene_expr 10         --min_feature_expr 3         --sample_sheet samples.csv         --all_counts unfiltered_transcript_counts.tsv         --de_out_dir de_analysis         --merged_out_dir merged

Command exit status:
  1

Command output:
  Loading counts, conditions and parameters.
  Checking annotation file type.
  Annotation file type is gtf.
  Checking annotation file for presence of transcript_id versions.
  Annotation file transcript_ids include versions.
  Loading annotation database.

Command error:
  Warning message:
  In normalizePath("~") : path[1]="/home/peixiliu": No such file or directory
  Import genomic features from the file as a GRanges object ... OK
  Prepare the 'metadata' data frame ... OK
  Make the TxDb object ... Error in .makeTxDb_normarg_transcripts(transcripts) : 
    values in 'transcripts$tx_strand' must be "+" or "-"
  Calls: makeTxDbFromGFF ... makeTxDbFromGRanges -> makeTxDb -> .makeTxDb_normarg_transcripts
  Execution halted

Work dir:
  /scratch/peixiliu/nextflow_work/55/4bc9676834631d502c9201fa02089a

Container:
  /project/def-lefranco/peixiliu/NXF_SINGULARITY_CACHEDIR/ontresearch-wf-transcriptomes-shaaaf20a5a0e76f9e18bad21af639a6b69e4a31a2f.sif

Tip: view the complete command output by changing to the process work dir and entering the command `cat .command.out`

 -- Check '.nextflow.log' file for details
